<?xml version="1.0" encoding="UTF-8"?>
<testsuite xmlns:xsi="http://www.w3.org/2001/XMLSchema-instance" xsi:noNamespaceSchemaLocation="https://maven.apache.org/surefire/maven-surefire-plugin/xsd/surefire-test-report.xsd" name="com.niced.Day4Test" time="0.024" tests="6" errors="0" skipped="0" failures="0">
  <properties>
[...]
</properties>
  <testcase name="testIsWinnerOnCol" classname="com.niced.Day4Test" time="0.002"/>
  <testcase name="testIsWinnerOnRow" classname="com.niced.Day4Test" time="0.001"/>
  <testcase name="testParse" classname="com.niced.Day4Test" time="0.001"/>
  <testcase name="testCall" classname="com.niced.Day4Test" time="0.002"/>
  <testcase name="testCode" classname="com.niced.Day4Test" time="0.002"/>
  <testcase name="getAnswer" classname="com.niced.Day4Test" time="0.016"/>
</testsuite>